<?xml version="1.0" encoding="UTF-8"?>
<!-- Generated by org.testng.reporters.JUnitXMLReporter -->
<testsuite ignored="0" hostname="LAPTOP-DQ7KB8NS" failures="1" tests="1" name="Default test(failed)" time="10.99" errors="0" timestamp="2024-02-01T12:28:59 IST">
  <testcase classname="com.Helthcare.testcase.VerifyLoginPage" name="AssertionClass" time="0.015">
    <failure type="java.lang.AssertionError" message="expected [true] but found [false]">
      <![CDATA[java.lang.AssertionError: expected [true] but found [false]
at com.Helthcare.Page.AssertPage.VerifyCompanyLogo(AssertPage.java:22)
at com.Helthcare.testcase.VerifyLoginPage.AssertionClass(VerifyLoginPage.java:18)
at java.base/java.util.ArrayList.forEach(ArrayList.java:1511)
... Removed 29 stack frames]]>
    </failure>
  </testcase> <!-- AssertionClass -->
</testsuite> <!-- Default test(failed) -->
